<?xml version="1.0" encoding="UTF-8"?>
<!-- Generated by org.testng.reporters.JUnitXMLReporter -->
<testsuite hostname="DESKTOP-9KI580R" ignored="1" name="Default test" tests="1" failures="0" timestamp="2020-09-15T11:31:59 IST" time="0.061" errors="0">
  <testcase name="MobileTest" time="0.01" classname="AlekyaProject.MavenProjects.appiumTest"/>
  <testcase name="MobileDelete" time="0.0" classname="AlekyaProject.MavenProjects.appiumTest">
    <ignored/>
  </testcase> <!-- MobileDelete -->
</testsuite> <!-- Default test -->
