<?xml version="1.0" encoding="UTF-8"?>
<!-- Generated by org.testng.reporters.JUnitXMLReporter -->
<testsuite hostname="DESKTOP-9KI580R" ignored="0" name="Command line test" tests="6" failures="0" timestamp="17 Sep 2020 16:16:39 GMT" time="0.044" errors="0">
  <testcase name="AndroidCase" time="0.007" classname="AlekyaProject.MavenProjects.apiTest"/>
  <testcase name="TwitterDelete" time="0.002" classname="AlekyaProject.MavenProjects.apiTest"/>
  <testcase name="MobileDelete" time="0.0" classname="AlekyaProject.MavenProjects.appiumTest"/>
  <testcase name="MobileTest" time="0.0" classname="AlekyaProject.MavenProjects.appiumTest"/>
  <testcase name="BrowserDependencies" time="0.0" classname="AlekyaProject.MavenProjects.seleniumTest"/>
  <testcase name="ElementsUI" time="0.0" classname="AlekyaProject.MavenProjects.seleniumTest"/>
</testsuite> <!-- Command line test -->
