<?xml version="1.0" encoding="UTF-8"?>
<!-- Generated by org.testng.reporters.JUnitXMLReporter -->
<testsuite hostname="DESKTOP-9KI580R" ignored="0" name="Test" tests="4" failures="0" timestamp="15 Sep 2020 07:34:25 GMT" time="0.037" errors="0">
  <testcase name="BrowserDependencies" time="0.009" classname="AlekyaProject.MavenProjects.seleniumTest"/>
  <testcase name="ElementsUI" time="0.001" classname="AlekyaProject.MavenProjects.seleniumTest"/>
  <testcase name="MobileDelete" time="0.0" classname="AlekyaProject.MavenProjects.appiumTest"/>
  <testcase name="MobileTest" time="0.001" classname="AlekyaProject.MavenProjects.appiumTest"/>
</testsuite> <!-- Test -->
