<?xml version="1.0" encoding="UTF-8"?>
<testng-results skipped="0" failed="0" ignored="0" total="6" passed="6">
  <reporter-output>
  </reporter-output>
  <suite name="Command line suite" duration-ms="44" started-at="2020-09-17T16:16:39Z" finished-at="2020-09-17T16:16:39Z">
    <groups>
    </groups>
    <test name="Command line test" duration-ms="44" started-at="2020-09-17T16:16:39Z" finished-at="2020-09-17T16:16:39Z">
      <class name="AlekyaProject.MavenProjects.seleniumTest">
        <test-method status="PASS" signature="BrowserDependencies()[pri:0, instance:AlekyaProject.MavenProjects.seleniumTest@b684286]" name="BrowserDependencies" duration-ms="0" started-at="2020-09-17T21:46:39Z" finished-at="2020-09-17T21:46:39Z">
          <reporter-output>
          </reporter-output>
        </test-method> <!-- BrowserDependencies -->
        <test-method status="PASS" signature="ElementsUI()[pri:0, instance:AlekyaProject.MavenProjects.seleniumTest@b684286]" name="ElementsUI" duration-ms="0" started-at="2020-09-17T21:46:39Z" finished-at="2020-09-17T21:46:39Z">
          <reporter-output>
          </reporter-output>
        </test-method> <!-- ElementsUI -->
      </class> <!-- AlekyaProject.MavenProjects.seleniumTest -->
      <class name="AlekyaProject.MavenProjects.apiTest">
        <test-method status="PASS" signature="AndroidCase()[pri:0, instance:AlekyaProject.MavenProjects.apiTest@1e643faf]" name="AndroidCase" duration-ms="7" started-at="2020-09-17T21:46:39Z" finished-at="2020-09-17T21:46:39Z">
          <reporter-output>
          </reporter-output>
        </test-method> <!-- AndroidCase -->
        <test-method status="PASS" signature="TwitterDelete()[pri:0, instance:AlekyaProject.MavenProjects.apiTest@1e643faf]" name="TwitterDelete" duration-ms="2" started-at="2020-09-17T21:46:39Z" finished-at="2020-09-17T21:46:39Z">
          <reporter-output>
          </reporter-output>
        </test-method> <!-- TwitterDelete -->
      </class> <!-- AlekyaProject.MavenProjects.apiTest -->
      <class name="AlekyaProject.MavenProjects.appiumTest">
        <test-method status="PASS" signature="MobileDelete()[pri:0, instance:AlekyaProject.MavenProjects.appiumTest@34ce8af7]" name="MobileDelete" duration-ms="0" started-at="2020-09-17T21:46:39Z" finished-at="2020-09-17T21:46:39Z">
          <reporter-output>
          </reporter-output>
        </test-method> <!-- MobileDelete -->
        <test-method status="PASS" signature="MobileTest()[pri:0, instance:AlekyaProject.MavenProjects.appiumTest@34ce8af7]" name="MobileTest" duration-ms="0" started-at="2020-09-17T21:46:39Z" finished-at="2020-09-17T21:46:39Z">
          <reporter-output>
          </reporter-output>
        </test-method> <!-- MobileTest -->
      </class> <!-- AlekyaProject.MavenProjects.appiumTest -->
    </test> <!-- Command line test -->
  </suite> <!-- Command line suite -->
</testng-results>
